<?xml version="1.0" encoding="UTF-8"?>
<testng-results skipped="0" failed="0" ignored="0" total="1" passed="1">
  <reporter-output>
  </reporter-output>
  <suite name="Default suite" duration-ms="14449" started-at="2019-02-13T20:54:47Z" finished-at="2019-02-13T20:55:02Z">
    <groups>
    </groups>
    <test name="Default test" duration-ms="14449" started-at="2019-02-13T20:54:47Z" finished-at="2019-02-13T20:55:02Z">
      <class name="testcases.TC_001">
        <test-method status="PASS" signature="testcases()[pri:0, instance:testcases.TC_001@29ee9faa]" name="testcases" duration-ms="14395" started-at="2019-02-13T20:54:48Z" finished-at="2019-02-13T20:55:02Z">
          <reporter-output>
          </reporter-output>
        </test-method> <!-- testcases -->
      </class> <!-- testcases.TC_001 -->
    </test> <!-- Default test -->
  </suite> <!-- Default suite -->
</testng-results>
